<?xml version="1.0" encoding="UTF-8"?>
<!-- Generated by org.testng.reporters.JUnitXMLReporter -->
<testsuite hostname="DESKTOP-K4QBCOJ" name="Parallel test" tests="5" failures="0" timestamp="12 Apr 2021 21:41:13 GMT" time="17.802" errors="0">
  <testcase name="registrationpage" time="8.815" classname="com.newtours.tests.BookFlightTest"/>
  <testcase name="registrationConfirmationpage" time="0.35" classname="com.newtours.tests.BookFlightTest"/>
  <testcase name="flightDetailsPage" time="1.821" classname="com.newtours.tests.BookFlightTest"/>
  <testcase name="findFlights" time="0.422" classname="com.newtours.tests.BookFlightTest"/>
  <testcase name="flightConfirmationPage" time="0.359" classname="com.newtours.tests.BookFlightTest"/>
</testsuite> <!-- Parallel test -->
