<?xml version="1.0" encoding="UTF-8"?>
<!-- Generated by org.testng.reporters.JUnitXMLReporter -->
<testsuite hostname="DESKTOP-K4QBCOJ" name="Parallel test1" tests="5" failures="0" timestamp="14 Apr 2021 18:11:24 GMT" time="58.325" errors="0">
  <testcase name="registrationpage" time="10.66" classname="com.newtours.tests.BookFlightTest"/>
  <testcase name="registrationConfirmationpage" time="0.301" classname="com.newtours.tests.BookFlightTest"/>
  <testcase name="flightDetailsPage" time="1.838" classname="com.newtours.tests.BookFlightTest"/>
  <testcase name="findFlights" time="0.47" classname="com.newtours.tests.BookFlightTest"/>
  <testcase name="flightConfirmationPage" time="0.379" classname="com.newtours.tests.BookFlightTest"/>
</testsuite> <!-- Parallel test1 -->
