<?xml version="1.0" encoding="UTF-8"?>
<!-- Generated by org.testng.reporters.JUnitXMLReporter -->
<testsuite hostname="DESKTOP-K4QBCOJ" name="Parallel testw" tests="5" failures="0" timestamp="14 Apr 2021 18:10:54 GMT" time="27.741" errors="0">
  <testcase name="registrationpage" time="7.363" classname="com.newtours.tests.BookFlightTest"/>
  <testcase name="registrationConfirmationpage" time="0.446" classname="com.newtours.tests.BookFlightTest"/>
  <testcase name="flightDetailsPage" time="2.04" classname="com.newtours.tests.BookFlightTest"/>
  <testcase name="findFlights" time="0.665" classname="com.newtours.tests.BookFlightTest"/>
  <testcase name="flightConfirmationPage" time="0.525" classname="com.newtours.tests.BookFlightTest"/>
</testsuite> <!-- Parallel testw -->
