<?xml version="1.0" encoding="UTF-8"?>
<!-- Generated by org.testng.reporters.JUnitXMLReporter -->
<testsuite hostname="DESKTOP-K4QBCOJ" name="Parallel test12" tests="5" failures="0" timestamp="14 Apr 2021 18:11:10 GMT" time="43.795" errors="0">
  <testcase name="registrationpage" time="11.317" classname="com.newtours.tests.BookFlightTest"/>
  <testcase name="registrationConfirmationpage" time="0.272" classname="com.newtours.tests.BookFlightTest"/>
  <testcase name="flightDetailsPage" time="1.972" classname="com.newtours.tests.BookFlightTest"/>
  <testcase name="findFlights" time="0.413" classname="com.newtours.tests.BookFlightTest"/>
  <testcase name="flightConfirmationPage" time="0.439" classname="com.newtours.tests.BookFlightTest"/>
</testsuite> <!-- Parallel test12 -->
